[    0.000000] Initializing cgroup subsys cpuset
[    0.000000] Initializing cgroup subsys cpu
[    0.000000] Initializing cgroup subsys cpuacct
[    0.000000] Linux version 4.4.0-187-generic (buildd@lgw01-amd64-035) (gcc version 5.4.0 20160609 (Ubuntu 5.4.0-6ubuntu1~16.04.12) ) #217-Ubuntu SMP Tue Jul 21 04:18:15 UTC 2020 (Ubuntu 4.4.0-187.217-generic 4.4.230)
[    0.000000] Command line: BOOT_IMAGE=/boot/vmlinuz-4.4.0-187-generic root=LABEL=cloudimg-rootfs ro console=tty1 console=ttyS0
[    0.000000] KERNEL supported cpus:
[    0.000000]   Intel GenuineIntel
[    0.000000]   AMD AuthenticAMD
[    0.000000]   Centaur CentaurHauls
[    0.000000] x86/fpu: xstate_offset[2]:  576, xstate_sizes[2]:  256
[    0.000000] x86/fpu: Supporting XSAVE feature 0x01: 'x87 floating point registers'
[    0.000000] x86/fpu: Supporting XSAVE feature 0x02: 'SSE registers'
[    0.000000] x86/fpu: Supporting XSAVE feature 0x04: 'AVX registers'
[    0.000000] x86/fpu: Enabled xstate features 0x7, context size is 832 bytes, using 'standard' format.
[    0.000000] e820: BIOS-provided physical RAM map:
[    0.000000] BIOS-e820: [mem 0x0000000000000000-0x000000000009fbff] usable
[    0.000000] BIOS-e820: [mem 0x000000000009fc00-0x000000000009ffff] reserved
[    0.000000] BIOS-e820: [mem 0x00000000000f0000-0x00000000000fffff] reserved
[    0.000000] BIOS-e820: [mem 0x0000000000100000-0x000000003ffeffff] usable
[    0.000000] BIOS-e820: [mem 0x000000003fff0000-0x000000003fffffff] ACPI data
[    0.000000] BIOS-e820: [mem 0x00000000fec00000-0x00000000fec00fff] reserved
[    0.000000] BIOS-e820: [mem 0x00000000fee00000-0x00000000fee00fff] reserved
[    0.000000] BIOS-e820: [mem 0x00000000fffc0000-0x00000000ffffffff] reserved
[    0.000000] NX (Execute Disable) protection: active
[    0.000000] SMBIOS 2.5 present.
[    0.000000] Hypervisor detected: KVM
[    0.000000] e820: last_pfn = 0x3fff0 max_arch_pfn = 0x400000000
[    0.000000] MTRR: Disabled
[    0.000000] x86/PAT: MTRRs disabled, skipping PAT initialization too.
[    0.000000] CPU MTRRs all blank - virtualized system.
[    0.000000] x86/PAT: Configuration [0-7]: WB  WT  UC- UC  WB  WT  UC- UC  
[    0.000000] found SMP MP-table at [mem 0x0009fff0-0x0009ffff] mapped at [ffff88000009fff0]
[    0.000000] Scanning 1 areas for low memory corruption
[    0.000000] RAMDISK: [mem 0x362e2000-0x37168fff]
[    0.000000] ACPI: Early table checksum verification disabled
[    0.000000] ACPI: RSDP 0x00000000000E0000 000024 (v02 VBOX  )
[    0.000000] ACPI: XSDT 0x000000003FFF0030 00003C (v01 VBOX   VBOXXSDT 00000001 ASL  00000061)
[    0.000000] ACPI: FACP 0x000000003FFF00F0 0000F4 (v04 VBOX   VBOXFACP 00000001 ASL  00000061)
[    0.000000] ACPI: DSDT 0x000000003FFF0470 002325 (v02 VBOX   VBOXBIOS 00000002 INTL 20100528)
[    0.000000] ACPI: FACS 0x000000003FFF0200 000040
[    0.000000] ACPI: FACS 0x000000003FFF0200 000040
[    0.000000] ACPI: APIC 0x000000003FFF0240 00005C (v02 VBOX   VBOXAPIC 00000001 ASL  00000061)
[    0.000000] ACPI: SSDT 0x000000003FFF02A0 0001CC (v01 VBOX   VBOXCPUT 00000002 INTL 20100528)
[    0.000000] No NUMA configuration found
[    0.000000] Faking a node at [mem 0x0000000000000000-0x000000003ffeffff]
[    0.000000] NODE_DATA(0) allocated [mem 0x3ffeb000-0x3ffeffff]
[    0.000000] kvm-clock: Using msrs 4b564d01 and 4b564d00
[    0.000000] kvm-clock: cpu 0, msr 0:3ffe3001, primary cpu clock
[    0.000000] kvm-clock: using sched offset of 5179730460 cycles
[    0.000000] clocksource: kvm-clock: mask: 0xffffffffffffffff max_cycles: 0x1cd42e4dffb, max_idle_ns: 881590591483 ns
[    0.000000] Zone ranges:
[    0.000000]   DMA      [mem 0x0000000000001000-0x0000000000ffffff]
[    0.000000]   DMA32    [mem 0x0000000001000000-0x000000003ffeffff]
[    0.000000]   Normal   empty
[    0.000000]   Device   empty
[    0.000000] Movable zone start for each node
[    0.000000] Early memory node ranges
[    0.000000]   node   0: [mem 0x0000000000001000-0x000000000009efff]
[    0.000000]   node   0: [mem 0x0000000000100000-0x000000003ffeffff]
[    0.000000] Initmem setup node 0 [mem 0x0000000000001000-0x000000003ffeffff]
[    0.000000] ACPI: PM-Timer IO Port: 0x4008
[    0.000000] IOAPIC[0]: apic_id 2, version 32, address 0xfec00000, GSI 0-23
[    0.000000] ACPI: INT_SRC_OVR (bus 0 bus_irq 0 global_irq 2 dfl dfl)
[    0.000000] ACPI: INT_SRC_OVR (bus 0 bus_irq 9 global_irq 9 low level)
[    0.000000] Using ACPI (MADT) for SMP configuration information
[    0.000000] smpboot: Allowing 2 CPUs, 0 hotplug CPUs
[    0.000000] PM: Registered nosave memory: [mem 0x00000000-0x00000fff]
[    0.000000] PM: Registered nosave memory: [mem 0x0009f000-0x0009ffff]
[    0.000000] PM: Registered nosave memory: [mem 0x000a0000-0x000effff]
[    0.000000] PM: Registered nosave memory: [mem 0x000f0000-0x000fffff]
[    0.000000] e820: [mem 0x40000000-0xfebfffff] available for PCI devices
[    0.000000] Booting paravirtualized kernel on KVM
[    0.000000] clocksource: refined-jiffies: mask: 0xffffffff max_cycles: 0xffffffff, max_idle_ns: 7645519600211568 ns
[    0.000000] setup_percpu: NR_CPUS:512 nr_cpumask_bits:512 nr_cpu_ids:2 nr_node_ids:1
[    0.000000] PERCPU: Embedded 33 pages/cpu @ffff88003fc00000 s95512 r8192 d31464 u1048576
[    0.000000] Built 1 zonelists in Node order, mobility grouping on.  Total pages: 257912
[    0.000000] Policy zone: DMA32
[    0.000000] Kernel command line: BOOT_IMAGE=/boot/vmlinuz-4.4.0-187-generic root=LABEL=cloudimg-rootfs ro console=tty1 console=ttyS0
[    0.000000] PID hash table entries: 4096 (order: 3, 32768 bytes)
[    0.000000] Memory: 997668K/1048120K available (8636K kernel code, 1337K rwdata, 4040K rodata, 1492K init, 1296K bss, 50452K reserved, 0K cma-reserved)
[    0.000000] SLUB: HWalign=64, Order=0-3, MinObjects=0, CPUs=2, Nodes=1
[    0.000000] Kernel/User page tables isolation: enabled
[    0.000000] Hierarchical RCU implementation.
[    0.000000] 	Build-time adjustment of leaf fanout to 64.
[    0.000000] 	RCU restricting CPUs from NR_CPUS=512 to nr_cpu_ids=2.
[    0.000000] RCU: Adjusting geometry for rcu_fanout_leaf=64, nr_cpu_ids=2
[    0.000000] NR_IRQS:33024 nr_irqs:440 16
[    0.000000] Console: colour VGA+ 80x25
[    0.000000] console [tty1] enabled
[    0.000000] console [ttyS0] enabled
[    0.000000] tsc: Detected 3408.000 MHz processor
[    0.195402] Calibrating delay loop (skipped) preset value.. 6816.00 BogoMIPS (lpj=13632000)
[    0.198446] pid_max: default: 32768 minimum: 301
[    0.200083] ACPI: Core revision 20150930
[    0.202323] ACPI: 2 ACPI AML tables successfully acquired and loaded
[    0.204342] Security Framework initialized
[    0.205585] Yama: becoming mindful.
[    0.206709] AppArmor: AppArmor initialized
[    0.208068] Dentry cache hash table entries: 131072 (order: 8, 1048576 bytes)
[    0.211760] Inode-cache hash table entries: 65536 (order: 7, 524288 bytes)
[    0.214388] Mount-cache hash table entries: 2048 (order: 2, 16384 bytes)
[    0.216847] Mountpoint-cache hash table entries: 2048 (order: 2, 16384 bytes)
[    0.219308] Initializing cgroup subsys io
[    0.220709] Initializing cgroup subsys memory
[    0.222246] Initializing cgroup subsys devices
[    0.223783] Initializing cgroup subsys freezer
[    0.225357] Initializing cgroup subsys net_cls
[    0.226920] Initializing cgroup subsys perf_event
[    0.228520] Initializing cgroup subsys net_prio
[    0.230009] Initializing cgroup subsys hugetlb
[    0.231400] Initializing cgroup subsys pids
[    0.233671] mce: CPU supports 0 MCE banks
[    0.234959] Last level iTLB entries: 4KB 128, 2MB 8, 4MB 8
[    0.236552] Last level dTLB entries: 4KB 64, 2MB 0, 4MB 0, 1GB 4
[    0.238319] Spectre V1 : Mitigation: usercopy/swapgs barriers and __user pointer sanitization
[    0.240832] Spectre V2 : Mitigation: Full generic retpoline
[    0.242525] Spectre V2 : Spectre v2 / SpectreRSB mitigation: Filling RSB on context switch
[    0.244972] Speculative Store Bypass: Vulnerable
[    0.246409] SRBDS: Unknown: Dependent on hypervisor status
[    0.248277] MDS: Mitigation: Clear CPU buffers
[    0.251846] Freeing SMP alternatives memory: 36K
[    0.258350] ftrace: allocating 32337 entries in 127 pages
[    0.308601] smpboot: APIC(0) Converting physical 0 to logical package 0
[    0.310609] smpboot: Max logical packages: 1
[    0.312111] x2apic enabled
[    0.313204] Switched APIC routing to physical x2apic.
[    0.315629] ..TIMER: vector=0x30 apic1=0 pin1=2 apic2=-1 pin2=-1
[    0.425570] smpboot: CPU0: Intel(R) Core(TM) i5-7500 CPU @ 3.40GHz (family: 0x6, model: 0x9e, stepping: 0x9)
[    0.429639] Performance Events: unsupported p6 CPU model 158 no PMU driver, software events only.
[    0.443426] KVM setup paravirtual spinlock
[    0.445308] x86: Booting SMP configuration:
[    0.446642] .... node  #0, CPUs:      #1
[    0.448346] kvm-clock: cpu 1, msr 0:3ffe3041, secondary cpu clock
[    0.451265] mce: CPU supports 0 MCE banks
[    0.454367] x86: Booted up 1 node, 2 CPUs
[    0.456554] smpboot: Total of 2 processors activated (13632.00 BogoMIPS)
[    0.459929] devtmpfs: initialized
[    0.462582] evm: security.selinux
[    0.463722] evm: security.SMACK64
[    0.464861] evm: security.SMACK64EXEC
[    0.466168] evm: security.SMACK64TRANSMUTE
[    0.467458] evm: security.SMACK64MMAP
[    0.468615] evm: security.ima
[    0.469697] evm: security.capability
[    0.471080] clocksource: jiffies: mask: 0xffffffff max_cycles: 0xffffffff, max_idle_ns: 7645041785100000 ns
[    0.473905] futex hash table entries: 512 (order: 3, 32768 bytes)
[    0.475881] pinctrl core: initialized pinctrl subsystem
[    0.477933] RTC time:  2:12:31, date: 08/26/20
[    0.479969] NET: Registered protocol family 16
[    0.493168] cpuidle: using governor ladder
[    0.506299] cpuidle: using governor menu
[    0.507786] PCCT header not found.
[    0.508925] ACPI: bus type PCI registered
[    0.510194] acpiphp: ACPI Hot Plug PCI Controller Driver version: 0.5
[    0.512229] PCI: Using configuration type 1 for base access
[    0.527239] ACPI: Added _OSI(Module Device)
[    0.528546] ACPI: Added _OSI(Processor Device)
[    0.529944] ACPI: Added _OSI(3.0 _SCP Extensions)
[    0.531424] ACPI: Added _OSI(Processor Aggregator Device)
[    0.533708] ACPI: Executed 1 blocks of module-level executable AML code
[    0.537654] ACPI: Interpreter enabled
[    0.538938] ACPI: (supports S0 S5)
[    0.540024] ACPI: Using IOAPIC for interrupt routing
[    0.541744] PCI: Using host bridge windows from ACPI; if necessary, use "pci=nocrs" and report a bug
[    0.548199] ACPI: PCI Root Bridge [PCI0] (domain 0000 [bus 00-ff])
[    0.550009] acpi PNP0A03:00: _OSC: OS supports [ASPM ClockPM Segments MSI]
[    0.552281] acpi PNP0A03:00: _OSC: not requesting OS control; OS requires [ExtendedConfig ASPM ClockPM MSI]
[    0.555114] acpi PNP0A03:00: fail to add MMCONFIG information, can't access extended PCI configuration space under this bridge.
[    0.558972] PCI host bridge to bus 0000:00
[    0.560229] pci_bus 0000:00: root bus resource [io  0x0000-0x0cf7 window]
[    0.562171] pci_bus 0000:00: root bus resource [io  0x0d00-0xffff window]
[    0.564175] pci_bus 0000:00: root bus resource [mem 0x000a0000-0x000bffff window]
[    0.566467] pci_bus 0000:00: root bus resource [mem 0x40000000-0xfdffffff window]
[    0.568991] pci_bus 0000:00: root bus resource [bus 00-ff]
[    0.572953] pci 0000:00:01.1: legacy IDE quirk: reg 0x10: [io  0x01f0-0x01f7]
[    0.575119] pci 0000:00:01.1: legacy IDE quirk: reg 0x14: [io  0x03f6]
[    0.577005] pci 0000:00:01.1: legacy IDE quirk: reg 0x18: [io  0x0170-0x0177]
[    0.586327] pci 0000:00:01.1: legacy IDE quirk: reg 0x1c: [io  0x0376]
[    0.601374] pci 0000:00:07.0: quirk: [io  0x4000-0x403f] claimed by PIIX4 ACPI
[    0.603697] pci 0000:00:07.0: quirk: [io  0x4100-0x410f] claimed by PIIX4 SMB
[    0.614366] ACPI: PCI Interrupt Link [LNKA] (IRQs 5 9 10 *11)
[    0.617005] ACPI: PCI Interrupt Link [LNKB] (IRQs 5 9 *10 11)
[    0.619552] ACPI: PCI Interrupt Link [LNKC] (IRQs 5 *9 10 11)
[    0.621985] ACPI: PCI Interrupt Link [LNKD] (IRQs 5 9 10 *11)
[    0.624461] ACPI: Enabled 2 GPEs in block 00 to 07
[    0.626353] vgaarb: setting as boot device: PCI:0000:00:02.0
[    0.628001] vgaarb: device added: PCI:0000:00:02.0,decodes=io+mem,owns=io+mem,locks=none
[    0.630396] vgaarb: loaded
[    0.631277] vgaarb: bridge control possible 0000:00:02.0
[    0.633016] SCSI subsystem initialized
[    0.634398] ACPI: bus type USB registered
[    0.635684] usbcore: registered new interface driver usbfs
[    0.637360] usbcore: registered new interface driver hub
[    0.639050] usbcore: registered new device driver usb
[    0.640956] PCI: Using ACPI for IRQ routing
[    0.643832] NetLabel: Initializing
[    0.644952] NetLabel:  domain hash size = 128
[    0.646306] NetLabel:  protocols = UNLABELED CIPSOv4
[    0.647905] NetLabel:  unlabeled traffic allowed by default
[    0.649663] amd_nb: Cannot enumerate AMD northbridges
[    0.651278] clocksource: Switched to clocksource kvm-clock
[    0.659166] AppArmor: AppArmor Filesystem Enabled
[    0.660695] pnp: PnP ACPI init
[    0.662681] pnp: PnP ACPI: found 3 devices
[    0.673824] clocksource: acpi_pm: mask: 0xffffff max_cycles: 0xffffff, max_idle_ns: 2085701024 ns
[    0.676445] NET: Registered protocol family 2
[    0.677926] TCP established hash table entries: 8192 (order: 4, 65536 bytes)
[    0.679985] TCP bind hash table entries: 8192 (order: 5, 131072 bytes)
[    0.681846] TCP: Hash tables configured (established 8192 bind 8192)
[    0.683700] UDP hash table entries: 512 (order: 2, 16384 bytes)
[    0.685387] UDP-Lite hash table entries: 512 (order: 2, 16384 bytes)
[    0.687208] NET: Registered protocol family 1
[    0.688554] pci 0000:00:00.0: Limiting direct PCI/PCI transfers
[    0.690271] pci 0000:00:01.0: Activating ISA DMA hang workarounds
[    0.692250] Unpacking initramfs...
[    0.879672] Freeing initrd memory: 14876K
[    0.881079] clocksource: tsc: mask: 0xffffffffffffffff max_cycles: 0x311fd3cd494, max_idle_ns: 440795223879 ns
[    0.884194] platform rtc_cmos: registered platform RTC device (no PNP device found)
[    0.886497] Scanning for low memory corruption every 60 seconds
[    0.888903] audit: initializing netlink subsys (disabled)
[    0.890509] audit: type=2000 audit(1598407958.650:1): initialized
[    0.892599] Initialise system trusted keyring
[    0.894198] HugeTLB registered 2 MB page size, pre-allocated 0 pages
[    0.897073] zbud: loaded
[    0.898345] VFS: Disk quotas dquot_6.6.0
[    0.899702] VFS: Dquot-cache hash table entries: 512 (order 0, 4096 bytes)
[    0.901816] squashfs: version 4.0 (2009/01/31) Phillip Lougher
[    0.903928] fuse init (API version 7.23)
[    0.905362] Key type big_key registered
[    0.906604] Allocating IMA MOK and blacklist keyrings.
[    0.910672] Key type asymmetric registered
[    0.912010] Asymmetric key parser 'x509' registered
[    0.913510] Block layer SCSI generic (bsg) driver version 0.4 loaded (major 249)
[    0.915884] io scheduler noop registered
[    0.917132] io scheduler deadline registered (default)
[    0.918675] io scheduler cfq registered
[    0.919970] pci_hotplug: PCI Hot Plug PCI Core version: 0.5
[    0.921602] pciehp: PCI Express Hot Plug Controller Driver version: 0.4
[    0.923823] ACPI: AC Adapter [AC] (on-line)
[    0.925154] input: Power Button as /devices/LNXSYSTM:00/LNXPWRBN:00/input/input0
[    0.927988] ACPI: Power Button [PWRF]
[    0.929213] input: Sleep Button as /devices/LNXSYSTM:00/LNXSLPBN:00/input/input1
[    0.931430] ACPI: Sleep Button [SLPF]
[    0.932818] GHES: HEST is not enabled!
[    0.934147] Serial: 8250/16550 driver, 32 ports, IRQ sharing enabled
[    0.956699] 00:02: ttyS0 at I/O 0x3f8 (irq = 4, base_baud = 115200) is a 16550A
[    0.962997] Linux agpgart interface v0.103
[    0.965772] loop: module loaded
[    0.967397] scsi host0: ata_piix
[    0.968958] scsi host1: ata_piix
[    0.970083] ata1: PATA max UDMA/33 cmd 0x1f0 ctl 0x3f6 bmdma 0xd000 irq 14
[    0.972173] ata2: PATA max UDMA/33 cmd 0x170 ctl 0x376 bmdma 0xd008 irq 15
[    0.974201] libphy: Fixed MDIO Bus: probed
[    0.975700] tun: Universal TUN/TAP device driver, 1.6
[    0.977262] tun: (C) 1999-2004 Max Krasnyansky <maxk@qualcomm.com>
[    0.979167] PPP generic driver version 2.4.2
[    0.980677] ehci_hcd: USB 2.0 'Enhanced' Host Controller (EHCI) Driver
[    0.982534] ehci-pci: EHCI PCI platform driver
[    0.983986] ehci-platform: EHCI generic platform driver
[    0.985540] ohci_hcd: USB 1.1 'Open' Host Controller (OHCI) Driver
[    0.987457] ohci-pci: OHCI PCI platform driver
[    0.988818] ohci-platform: OHCI generic platform driver
[    0.990376] uhci_hcd: USB Universal Host Controller Interface driver
[    0.992322] i8042: PNP: PS/2 Controller [PNP0303:PS2K,PNP0f03:PS2M] at 0x60,0x64 irq 1,12
[    0.995118] serio: i8042 KBD port at 0x60,0x64 irq 1
[    0.996703] serio: i8042 AUX port at 0x60,0x64 irq 12
[    0.998662] mousedev: PS/2 mouse device common for all mice
[    1.000870] input: AT Translated Set 2 keyboard as /devices/platform/i8042/serio0/input/input2
[    1.003975] rtc_cmos rtc_cmos: rtc core: registered rtc_cmos as rtc0
[    1.005909] rtc_cmos rtc_cmos: alarms up to one day, 114 bytes nvram
[    1.007835] i2c /dev entries driver
[    1.008999] device-mapper: uevent: version 1.0.3
[    1.010571] device-mapper: ioctl: 4.34.0-ioctl (2015-10-28) initialised: dm-devel@redhat.com
[    1.013169] ledtrig-cpu: registered to indicate activity on CPUs
[    1.015546] NET: Registered protocol family 10
[    1.017188] NET: Registered protocol family 17
[    1.018560] Key type dns_resolver registered
[    1.023884] registered taskstats version 1
[    1.025250] Loading compiled-in X.509 certificates
[    1.027220] Loaded X.509 cert 'Build time autogenerated kernel key: f06b7227f29f55afa9b8968d1b82289d30ebc7c3'
[    1.030183] zswap: loaded using pool lzo/zbud
[    1.033610] Key type trusted registered
[    1.037747] Key type encrypted registered
[    1.039032] AppArmor: AppArmor sha1 policy hashing enabled
[    1.040754] ima: No TPM chip found, activating TPM-bypass!
[    1.042383] ima: Allocated hash algorithm: sha1
[    1.043803] evm: HMAC attrs: 0x1
[    1.045276]   Magic number: 0:344:208
[    1.046461]   hash matches /build/linux-y4viV4/linux-4.4.0/drivers/base/power/main.c:1023
[    1.049020] vc vcsa: hash matches
[    1.050087] pci 0000:00:08.0: hash matches
[    1.051563] rtc_cmos rtc_cmos: setting system clock to 2020-08-26 02:12:32 UTC (1598407952)
[    1.054213] BIOS EDD facility v0.16 2004-Jun-25, 0 devices found
[    1.056105] EDD information not available.
[    1.154766] Freeing unused kernel memory: 1492K
[    1.156194] Write protecting the kernel read-only data: 14336k
[    1.158482] Freeing unused kernel memory: 1592K
[    1.160101] Freeing unused kernel memory: 56K
Loading, please wait...
starting version 229
[    1.174432] random: systemd-udevd: uninitialized urandom read (16 bytes read, 3 bits of entropy available)
[    1.176193] random: udevadm: uninitialized urandom read (16 bytes read, 3 bits of entropy available)
[    1.176255] random: udevadm: uninitialized urandom read (16 bytes read, 3 bits of entropy available)
[    1.182957] random: systemd-udevd: uninitialized urandom read (16 bytes read, 3 bits of entropy available)
[    1.185857] random: systemd-udevd: uninitialized urandom read (16 bytes read, 3 bits of entropy available)
[    1.188994] random: systemd-udevd: uninitialized urandom read (16 bytes read, 3 bits of entropy available)
[    1.191746] random: udevadm: uninitialized urandom read (16 bytes read, 3 bits of entropy available)
[    1.191781] random: udevadm: uninitialized urandom read (16 bytes read, 3 bits of entropy available)
[    1.191887] random: udevadm: uninitialized urandom read (16 bytes read, 3 bits of entropy available)
[    1.191925] random: udevadm: uninitialized urandom read (16 bytes read, 3 bits of entropy available)
[    1.230942] e1000: Intel(R) PRO/1000 Network Driver - version 7.3.21-k8-NAPI
[    1.233102] e1000: Copyright (c) 1999-2006 Intel Corporation.
[    1.238836] Fusion MPT base driver 3.04.20
[    1.240250] Copyright (c) 1999-2008 LSI Corporation
[    1.253365] Fusion MPT SPI Host driver 3.04.20
[    1.257128] AVX2 version of gcm_enc/dec engaged.
[    1.258595] AES CTR mode by8 optimization enabled
[    1.446661] input: ImExPS/2 Generic Explorer Mouse as /devices/platform/i8042/serio1/input/input4
[    1.620374] e1000 0000:00:03.0 eth0: (PCI:33MHz:32-bit) 02:e1:21:9c:b1:d3
[    1.622368] e1000 0000:00:03.0 eth0: Intel(R) PRO/1000 Network Connection
[    1.625207] mptbase: ioc0: Initiating bringup
[    1.927746] ioc0: LSI53C1030 A0: Capabilities={Initiator}
[    3.828070] scsi host2: ioc0: LSI53C1030 A0, FwRev=00000000h, Ports=1, MaxQ=256, IRQ=20
[    4.867585] scsi 2:0:0:0: Direct-Access     VBOX     HARDDISK         1.0  PQ: 0 ANSI: 5
[    4.870828] scsi target2:0:0: Beginning Domain Validation
[    4.874980] scsi target2:0:0: Domain Validation skipping write tests
[    4.877022] scsi target2:0:0: Ending Domain Validation
[    4.878680] scsi target2:0:0: asynchronous
[    4.880712] scsi 2:0:1:0: Direct-Access     VBOX     HARDDISK         1.0  PQ: 0 ANSI: 5
[    4.883121] scsi target2:0:1: Beginning Domain Validation
[    4.894413] scsi target2:0:1: Domain Validation skipping write tests
[    4.896261] scsi target2:0:1: Ending Domain Validation
[    4.897869] scsi target2:0:1: asynchronous
[    4.916100] sd 2:0:0:0: Attached scsi generic sg0 type 0
[    4.918058] sd 2:0:0:0: [sda] 20971520 512-byte logical blocks: (10.7 GB/10.0 GiB)
[    4.920719] sd 2:0:1:0: [sdb] 20480 512-byte logical blocks: (10.5 MB/10.0 MiB)
[    4.923117] sd 2:0:1:0: Attached scsi generic sg1 type 0
[    4.925106] sd 2:0:1:0: [sdb] Write Protect is off
[    4.926741] sd 2:0:0:0: [sda] Write Protect is off
[    4.928422] sd 2:0:1:0: [sdb] Incomplete mode parameter data
[    4.930110] sd 2:0:1:0: [sdb] Assuming drive cache: write through
[    4.932107] sd 2:0:0:0: [sda] Incomplete mode parameter data
[    4.933799] sd 2:0:0:0: [sda] Assuming drive cache: write through
[    4.942550]  sda: sda1
[    4.944844] sd 2:0:0:0: [sda] Attached SCSI disk
[    4.947214] sd 2:0:1:0: [sdb] Attached SCSI disk
[    5.351720] e1000 0000:00:08.0 eth1: (PCI:33MHz:32-bit) 08:00:27:11:4b:ac
[    5.353716] e1000 0000:00:08.0 eth1: Intel(R) PRO/1000 Network Connection
[    5.356617] e1000 0000:00:03.0 enp0s3: renamed from eth0
[    5.367848] e1000 0000:00:08.0 enp0s8: renamed from eth1
Begin: Loading essential drivers ... [    6.958189] md: linear personality registered for level -1
[    6.961730] md: multipath personality registered for level -4
[    6.965344] md: raid0 personality registered for level 0
[    6.969618] md: raid1 personality registered for level 1
[    7.039368] raid6: sse2x1   gen() 11632 MB/s
[    7.107533] raid6: sse2x1   xor()  9290 MB/s
[    7.175577] raid6: sse2x2   gen() 16499 MB/s
[    7.243550] raid6: sse2x2   xor() 11308 MB/s
[    7.311543] raid6: sse2x4   gen() 18541 MB/s
[    7.379553] raid6: sse2x4   xor() 11473 MB/s
[    7.447309] raid6: avx2x1   gen() 22963 MB/s
[    7.515400] raid6: avx2x2   gen() 30544 MB/s
[    7.583570] raid6: avx2x4   gen() 33880 MB/s
[    7.584876] raid6: using algorithm avx2x4 gen() 33880 MB/s
[    7.586473] raid6: using avx2x2 recovery algorithm
[    7.589406] xor: automatically using best checksumming function:
[    7.656003]    avx       : 69198.000 MB/sec
[    7.658385] async_tx: api initialized (async)
[    7.667014] md: raid6 personality registered for level 6
[    7.668731] md: raid5 personality registered for level 5
[    7.670316] md: raid4 personality registered for level 4
[    7.677939] md: raid10 personality registered for level 10
done.
Begin: Running /scripts/init-premount ... done.
Begin: Mounting root file system ... Begin: Running /scripts/local-top ... done.
Begin: Running /scripts/local-premount ... [    7.705979] Btrfs loaded
Scanning for Btrfs filesystems
done.
Warning: fsck not present, so skipping root file system
[    7.784775] EXT4-fs (sda1): mounted filesystem with ordered data mode. Opts: (null)
done.
Begin: Running /scripts/local-bottom ... done.
Begin: Running /scripts/init-bottom ... done.
[    8.193154] systemd[1]: systemd 229 running in system mode. (+PAM +AUDIT +SELINUX +IMA +APPARMOR +SMACK +SYSVINIT +UTMP +LIBCRYPTSETUP +GCRYPT +GNUTLS +ACL +XZ -LZ4 +SECCOMP +BLKID +ELFUTILS +KMOD -IDN)
[    8.198392] systemd[1]: Detected virtualization oracle.
[    8.199935] systemd[1]: Detected architecture x86-64.

Welcome to [1mUbuntu 16.04.7 LTS[0m!

[    8.225916] systemd[1]: Set hostname to <ubuntu>.
[    8.248473] systemd[1]: Initializing machine ID from random generator.
[    8.250490] systemd[1]: Installed transient /etc/machine-id file.
[    8.695805] systemd[1]: Listening on Device-mapper event daemon FIFOs.
[[0;32m  OK  [0m] Listening on Device-mapper event daemon FIFOs.
[    8.811097] systemd[1]: Listening on Syslog Socket.
[[0;32m  OK  [0m] Listening on Syslog Socket.
[    8.825566] systemd[1]: Listening on udev Control Socket.
[[0;32m  OK  [0m] Listening on udev Control Socket.
[    8.828503] systemd[1]: Listening on Journal Socket.
[[0;32m  OK  [0m] Listening on Journal Socket.
[    8.830860] systemd[1]: Reached target Swap.
[[0;32m  OK  [0m] Reached target Swap.
[    8.884717] systemd[1]: Set up automount Arbitrary Executable File Formats File System Automount Point.
[[0;32m  OK  [0m] Set up automount Arbitrary Executab...ats File System Automount Point.
[    9.036286] systemd[1]: Listening on LVM2 metadata daemon socket.
[[0;32m  OK  [0m] Listening on LVM2 metadata daemon socket.
[    9.038920] systemd[1]: Listening on LVM2 poll daemon socket.
[[0;32m  OK  [0m] Listening on LVM2 poll daemon socket.
[    9.267318] systemd[1]: Listening on Journal Audit Socket.
[[0;32m  OK  [0m] Listening on Journal Audit Socket.
[    9.728097] systemd[1]: Reached target Encrypted Volumes.
[[0;32m  OK  [0m] Reached target Encrypted Volumes.
[    9.730507] systemd[1]: Started Trigger resolvconf update for networkd DNS.
[[0;32m  OK  [0m] Started Trigger resolvconf update for networkd DNS.
[    9.811731] systemd[1]: Reached target User and Group Name Lookups.
[[0;32m  OK  [0m] Reached target User and Group Name Lookups.
[    9.819992] systemd[1]: Created slice User and Session Slice.
[[0;32m  OK  [0m] Created slice User and Session Slice.
[    9.822662] systemd[1]: Created slice System Slice.
[[0;32m  OK  [0m] Created slice System Slice.
[    9.843639] systemd[1]: Starting Nameserver information manager...
         Starting Nameserver information manager...
[    9.852330] systemd[1]: Mounting Huge Pages File System...
         Mounting Huge Pages File System...
[    9.860075] systemd[1]: Mounting POSIX Message Queue File System...
         Mounting POSIX Message Queue File System...
[    9.868469] systemd[1]: Mounting Debug File System...
         Mounting Debug File System...
[    9.876376] systemd[1]: Starting Create list of required static device nodes for the current kernel...
         Starting Create list of required st... nodes for the current kernel...
[    9.887993] systemd[1]: Starting Monitoring of LVM2 mirrors, snapshots etc. using dmeventd or progress polling...
         Starting Monitoring of LVM2 mirrors... dmeventd or progress polling...
[    9.893119] systemd[1]: Created slice system-serial\x2dgetty.slice.
[[0;32m  OK  [0m] Created slice system-serial\x2dgetty.slice.
[    9.903616] systemd[1]: Reached target Slices.
[[0;32m  OK  [0m] Reached target Slices.
[    9.919629] systemd[1]: Starting Uncomplicated firewall...
         Starting Uncomplicated firewall...
[    9.923043] systemd[1]: Starting Set console keymap...
         Starting Set console keymap...
[    9.926749] systemd[1]: Starting Remount Root and Kernel File Systems...
         Starting Remount Root and Kernel File Systems...
[    9.936063] EXT4-fs (sda1): re-mounted. Opts: (null)
[    9.937855] systemd[1]: Listening on udev Kernel Socket.
[[0;32m  OK  [0m] Listening on udev Kernel Socket.
[    9.947611] systemd[1]: Started Forward Password Requests to Wall Directory Watch.
[[0;32m  OK  [0m] Started Forward Password Requests to Wall Directory Watch.
[    9.952106] systemd[1]: Listening on /dev/initctl Compatibility Named Pipe.
[[0;32m  OK  [0m] Listening on /dev/initctl Compatibility Named Pipe.
[    9.955570] systemd[1]: Listening on Journal Socket (/dev/log).
[[0;32m  OK  [0m] Listening on Journal Socket (/dev/log).
[    9.979424] systemd[1]: Starting Journal Service...
         Starting Journal Service...
[    9.982021] systemd[1]: Reached target System Time Synchronized.
[[0;32m  OK  [0m] Reached target System Time Synchronized.
[    9.995731] systemd[1]: Starting Load Kernel Modules...
         Starting Load Kernel Modules...
[   10.000853] systemd[1]: Mounted Debug File System.
[[0;32m  OK  [0m] Mounted Debug File System.
[   10.004093] systemd[1]: Mounted POSIX Message Queue File System.
[[0;32m  OK  [0m] Mounted POSIX Message Queue File System.
[   10.007589] systemd[1]: Mounted Huge Pages File System.
[[0;32m  OK  [0m] Mounted Huge Pages File System.
[   10.036207] systemd[1]: Started Create list of required static device nodes for the current kernel.
[[0;32m  OK  [0m] Started Create list of required sta...ce nodes for the current kernel.
[   10.041722] systemd[1]: Started Uncomplicated firewall.
[[0;32m  OK  [0m] Started Uncomplicated firewall.
[   10.046660] Loading iSCSI transport class v2.0-870.
[   10.047095] systemd[1]: Started Set console keymap.
[[0;32m  OK  [0m] Started Set console keymap.
[   10.052098] systemd[1]: Started Remount Root and Kernel File Systems.
[[0;32m  OK  [0m] Started Remount Root and Kernel File Systems.
[   10.057430] systemd[1]: Started Nameserver information manager.
[[0;32m  OK  [0m] Started Nameserver information manager.
[   10.063740] systemd[1]: Started LVM2 metadata daemon.
[   10.066752] iscsi: registered transport (tcp)
[[0;32m  OK  [0m] Started LVM2 metadata daemon.
[   10.095724] systemd[1]: Starting udev Coldplug all Devices...
         Starting udev Coldplug all Devices...
[   10.100150] systemd[1]: Starting Load/Save Random Seed...
         Starting Load/Save Random Seed...
[   10.105032] systemd[1]: Starting Create Static Device Nodes in /dev...
         Starting Create Static Device Nodes in /dev...
[   10.119692] systemd[1]: Started Journal Service.
[[0;32m  OK  [0m] Started Journal Service.
[[0;32m  OK  [0m] Started Load/Save Random Seed.
[   10.139248] iscsi: registered transport (iser)
         Starting Flush Journal to Persistent Storage...
[   10.151276] random: nonblocking pool is initialized
[[0;32m  OK  [0m] Started Load Kernel Modules.
         Mounting FUSE Control File System...
         Starting Apply Kernel Variables...
[[0;32m  OK  [0m] Mounted FUSE Control File System.
[[0;32m  OK  [0m] Started udev Coldplug all Devices.
[   10.188772] systemd-journald[399]: Received request to flush runtime journal from PID 1
[[0;32m  OK  [0m] Started Flush Journal to Persistent Storage.
[[0;32m  OK  [0m] Started Create Static Device Nodes in /dev.
         Starting udev Kernel Device Manager...
[[0;32m  OK  [0m] Started Apply Kernel Variables.
[[0;32m  OK  [0m] Started Monitoring of LVM2 mirrors,...ng dmeventd or progress polling.
[[0;32m  OK  [0m] Reached target Local File Systems (Pre).
[[0;32m  OK  [0m] Reached target Local File Systems.
         Starting Commit a transient machine-id on disk...
         Starting Initial cloud-init job (pre-networking)...
         Starting Create Volatile Files and Directories...
         Starting Tell Plymouth To Write Out Runtime Data...
         Starting LSB: AppArmor initialization...
         Starting Set console font and keymap...
[[0;32m  OK  [0m] Started Create Volatile Files and Directories.
         Starting Update UTMP about System Boot/Shutdown...
[[0;32m  OK  [0m] Started Tell Plymouth To Write Out Runtime Data.
[[0;32m  OK  [0m] Started Update UTMP about System Boot/Shutdown.
[[0;32m  OK  [0m] Started Commit a transient machine-id on disk.
[[0;32m  OK  [0m] Started udev Kernel Device Manager.
[[0;32m  OK  [0m] Started Dispatch Password Requests to Console Directory Watch.
[[0;32m  OK  [0m] Found device /dev/ttyS0.
[[0;32m  OK  [0m] Listening on Load/Save RF Kill Switch Status /dev/rfkill Watch.
[[0;32m  OK  [0m] Started LSB: AppArmor initialization.
         Starting Load AppArmor profiles managed internally by snapd...
[[0;32m  OK  [0m] Started Load AppArmor profiles managed internally by snapd.
[[0;32m  OK  [0m] Started Set console font and keymap.
[[0;32m  OK  [0m] Created slice system-getty.slice.
[   12.309425] cloud-init[471]: Cloud-init v. 20.2-45-g5f7825e2-0ubuntu1~16.04.1 running 'init-local' at Wed, 26 Aug 2020 02:12:43 +0000. Up 11.97 seconds.
[[0;32m  OK  [0m] Started Initial cloud-init job (pre-networking).
[[0;32m  OK  [0m] Reached target Network (Pre).
         Starting Raise network interfaces...
[[0;32m  OK  [0m] Started Raise network interfaces.
         Starting Initial cloud-init job (metadata service crawler)...
[[0;32m  OK  [0m] Reached target Network.
[   13.429442] cloud-init[964]: Cloud-init v. 20.2-45-g5f7825e2-0ubuntu1~16.04.1 running 'init' at Wed, 26 Aug 2020 02:12:44 +0000. Up 12.82 seconds.
[   13.436709] cloud-init[964]: ci-info: ++++++++++++++++++++++++++++++++++++++Net device info+++++++++++++++++++++++++++++++++++++++
[   13.446225] cloud-init[964]: ci-info: +--------+-------+----------------------------+---------------+--------+-------------------+
[   13.453096] cloud-init[964]: ci-info: | Device |   Up  |          Address           |      Mask     | Scope  |     Hw-Address    |
[   13.454502] cloud-init[964]: ci-info: +--------+-------+----------------------------+---------------+--------+-------------------+
[[0;32m  OK  [0m] Started Initial cloud-init job (metadata service crawler).
[[0;32m  OK  [0m] Reached target Network is Online.
[   13.468376] cloud-init[964]: ci-info: | enp0s3 |  True |         10.0.2.15          | 255.255.255.0 | global | 02:e1:21:9c:b1:d3 |
[   13.492790] cloud-init[964]: ci-info: | enp0s3 |  True | fe80::e1:21ff:fe9c:b1d3/64 |       .       |  link  | 02:e1:21:9c:b1:d3 |
[   13.500343] cloud-init[964]: ci-info: | enp0s8 | False |             .              |       .       |   .    | 08:00:27:11:4b:ac |
         Starting iSCSI initiator daemon (iscsid)...
[[0;32m  OK  [0m] Reached target System Initialization.
         Starting Socket activation for snappy daemon.
[   13.512285] cloud-init[964]: ci-info: |   lo   |  True |         127.0.0.1          |   255.0.0.0   |  host  |         .         |
[[0;32m  OK  [0m] Listening on D-Bus System Message Bus Socket.
[   13.512490] cloud-init[964]: ci-info: |   lo   |  True |          ::1/128           |       .       |  host  |         .         |
[   13.524248] cloud-init[964]: ci-info: +--------+-------+----------------------------+---------------+--------+-------------------+
[   13.524467] cloud-init[964]: ci-info: +++++++++++++++++++++++++++Route IPv4 info++++++++++++++++++++++++++++
[[0;32m  OK  [0m] Started Daily apt download activities.
[[   13.524781] cloud-init[964]: ci-info: +-------+-------------+----------+---------------+-----------+-------+
[   13.532572] cloud-init[964]: ci-info: | Route | Destination | Gateway  |    Genmask    | Interface | Flags |
[   13.532661] cloud-init[964]: ci-info: +-------+-------------+----------+---------------+-----------+-------+
[   13.532849] cloud-init[964]: [0;32m  OK  [0m] Started Daily apt upgrade and clean activities.
ci-info: |   0   |   0.0.0.0   | 10.0.2.2 |    0.0.0.0    |   enp0s3  |   UG  |
[[   13.535975] cloud-init[964]: ci-info: |   1   |   10.0.2.0  | 0.0.0.0  | 255.255.255.0 |   enp0s3  |   U   |
[   13.536439] cloud-init[964]: ci-info: +-------+-------------+----------+---------------+-----------+-------+
[   13.536532] cloud-init[964]: [0;32m  OK  [0mci-info: +++++++++++++++++++Route IPv6 info+++++++++++++++++++] Started Daily Cleanup of Temporary Directories.

[[0;32m  OK  [0m[   13.548241] cloud-init[964]: ci-info: +-------+-------------+---------+-----------+-------+
[   13.548665] cloud-init[964]: ci-info: | Route | Destination | Gateway | Interface | Flags |
] Listening on ACPID Listen Socket.
[   13.548735] cloud-init[964]: ci-info: +-------+-------------+---------+-----------+-------+
[   13.551448] cloud-init[964]: ci-info: |   0   |  fe80::/64  |    ::   |   enp0s3  |   U   |
[   13.552581] cloud-init[964]: ci-info: |   3   |   ff00::/8  |    ::   |   enp0s3  |   U   |
[   13.560845] cloud-init[964]: ci-info: +-------+-------------+---------+-----------+-------+
[[   13.561103] [0;32m  OK  [0mcloud-init] [964]: Started ACPI Events Check.Generating public/private rsa key pair.

[[   13.561153] [0;32m  OK  [0mcloud-init] [964]: Reached target Paths.Your identification has been saved in /etc/ssh/ssh_host_rsa_key.

[   13.570351] cloud-init[964]: Your public key has been saved in /etc/ssh/ssh_host_rsa_key.pub.
[   13.570559] cloud-init[964]: The key fingerprint is:
[   13.570896] cloud-init[964]: SHA256:g6Uzy2JvgqBWhCKWF820zicD1eSZm8pGfmN+6pCaTzI root@ubuntu-xenial
[   13.571166] cloud-init[964]: The key's randomart image is:
[   13.571328] cloud-init[964]: +---[RSA 2048]----+
[[0;32m  OK  [0m] Listening on UUID daemon activation socket.
[   13.571423] cloud-init[964]: |    +oo.         |
[   13.580629] cloud-init[964]: |   ..oo.o        |
[   13.580936] cloud-init[964]: |  o... +.        |
[[0;32m  OK  [0m] Started Message of the Day.
[[   13.581012] [0;32m  OK  [0mcloud-init] [964]: Reached target Timers.|o+ o+  +o        |

[   13.596526] cloud-init[964]: |+ o  *=+S        |
[   13.596740] cloud-init[964]: |.  .+.*+ .       |
         Starting LXD - unix socket.
[[   13.596801] [0;32m  OK  [0mcloud-init] [964]: Reached target Cloud-config availability.|...EoOo+         |

[   13.606236] cloud-init[964]: |....Oo* ..       |
[   13.612908] cloud-init[964]: |.  o.+o+o        |
[   13.613579] cloud-init[964]: +----[SHA256]-----+
[   13.614305] cloud-init[964]: Generating public/private dsa key pair.
[   13.615142] cloud-init[964]: Your identification has been saved in /etc/ssh/ssh_host_dsa_key.
[   13.624404] cloud-init[964]: Your public key has been saved in /etc/ssh/ssh_host_dsa_key.pub.
[   13.624759] cloud-init[964]: The key fingerprint is:
[   13.624789] cloud-init[964]: SHA256:OhuTO8hIFEfaKu5XddDR/uz6zfn05kP1ikIDjKfS6UU root@ubuntu-xenial
[[0;32m  OK  [0m] Listening on Socket activation for snappy daemon.
[[   13.625019] [0;32m  OK  [0mcloud-init] [964]: Listening on LXD - unix socket.The key's randomart image is:

[   13.640755] cloud-init[964]: +---[DSA 1024]----+
[   13.640964] cloud-init[964]: |   ..   ..o      |
[[0;32m  OK  [0m] Reached target Sockets.
[[   13.641073] [0;32m  OK  [0mcloud-init] [964]: Reached target Basic System.|  .o.  . . .     |

[   13.656434] cloud-init[964]: |  .o.  o. .      |
[   13.657120] cloud-init[964]: |  ..  ..E. .    .|
[   13.664819] cloud-init[964]: |...  ..=S.  o   o|
[   13.665131] cloud-init[964]: |... ..+o. o  o ..|
[   13.665271] cloud-init[964]: | o o.+*. . ......|
[   13.665385] cloud-init[964]: |. ..o o*  . ..+o+|
[   13.666399] cloud-init[964]: | ..   o.   oo. **|
[   13.666930] cloud-init[964]: +----[SHA256]-----+
[   13.667452] cloud-init[964]: Generating public/private ecdsa key pair.
[   13.667518] cloud-init[964]: Your identification has been saved in /etc/ssh/ssh_host_ecdsa_key.
[   13.667727] cloud-init[964]: Your public key has been saved in /etc/ssh/ssh_host_ecdsa_key.pub.
[   13.667793] cloud-init[964]: The key fingerprint is:
[   13.668014] cloud-init[964]: SHA256:Czo0aC72A6aASaiejrQ1MOh+NrWew8iKaqimi0GjoQk root@ubuntu-xenial
[   13.668219] cloud-init[964]: The key's randomart image is:
[   13.668256] cloud-init[964]: +---[ECDSA 256]---+
[   13.668324] cloud-init[964]: |                 |
[   13.668584] cloud-init[964]: |                 |
[   13.668695] cloud-init[964]: |.                |
[   13.668998] cloud-init[964]: |o. .             |
[   13.669369] cloud-init[964]: |E*o o . S        |
[   13.669765] cloud-init[964]: |@B+. + . .       |
[   13.669973] cloud-init[964]: |%+=o* . .        |
[   13.670055] cloud-init[964]: |XB+B.=.          |
[   13.670352] cloud-init[964]: |/*+.+o.          |
[   13.670651] cloud-init[964]: +----[SHA256]-----+
[   13.671077] cloud-init[964]: Generating public/private ed25519 key pair.
[   13.671279] cloud-init[964]: Your identification has been saved in /etc/ssh/ssh_host_ed25519_key.
[   13.671475] cloud-init[964]: Your public key has been saved in /etc/ssh/ssh_host_ed25519_key.pub.
[   13.671607] cloud-init[964]: The key fingerprint is:
[   13.671980] cloud-init[964]: SHA256:DCem9KofvJwIQmqbKeKM41baci9tIj9SLEfn5xws7e8 root@ubuntu-xenial
         Starting Login Service...
[   13.672131] cloud-init[964]: The key's randomart image is:
         [   13.692233] cloud-init[964]: +--[ED25519 256]--+
[   13.692655] cloud-init[964]: |                 |
Starting Pollinate to seed the pseudo random number generator...
[   13.692793] cloud-init[964]: |                 |
         Starting Accounts Service...
[   13.695311] cloud-init[964]: |    . + .        |
[   13.696356] cloud-init[964]: |   o = =         |
         [   13.696577] Starting Virtualbox guest utils...cloud-init
[964]: | .o + + S        |
[   13.697949] cloud-init[964]: |o. * + =         |
[   13.700502] cloud-init[964]: |+.B = * .        |
[   13.700684] cloud-init[964]: |OB+X * +         |
[   13.700811] cloud-init         [964]: Starting LXD - container startup/shutdown...
|BOOo@.  oE       |
[   13.703785] cloud-init[964]: +----[SHA256]-----+
[[0;32m  OK  [0m] Started Regular background program processing daemon.
         Starting /etc/rc.local Compatibility...
[[0;32m  OK  [0m] Started ACPI event daemon.
[[0;32m  OK  [0m] Started D-Bus System Message Bus.
[[0;32m  OK  [0m] Started Deferred execution scheduler.
         Starting LSB: Record successful boot for GRUB...
         Starting System Logging Service...
         Starting LSB: MD monitoring daemon...
[[0;32m  OK  [0m] Started FUSE filesystem for LXC.
         Starting Snap Daemon...
[[0;32m  OK  [0m] Started iSCSI initiator daemon (iscsid).
[[0;32m  OK  [0m] Started /etc/rc.local Compatibility.
[[0;32m  OK  [0m] Started Login Service.
[[0;32m  OK  [0m] Started Unattended Upgrades Shutdown.
         Starting Authenticate and Authorize Users to Run Privileged Tasks...
         Starting Login to default iSCSI targets...
[[0;32m  OK  [0m] Started System Logging Service.
[[0;32m  OK  [0m] Started LSB: Record successful boot for GRUB.
[[0;32m  OK  [0m] Started LSB: MD monitoring daemon.
[[0;32m  OK  [0m] Started Login to default iSCSI targets.
[[0;32m  OK  [0m] Reached target Remote File Systems (Pre).
[[0;32m  OK  [0m] Reached target Remote File Systems.
         Starting LSB: daemon to balance interrupts for SMP systems...
         Starting Permit User Sessions...
         Starting LSB: Set the CPU Frequency Scaling governor to "ondemand"...
         Starting LSB: automatic crash report generation...
[[0;32m  OK  [0m] Started Authenticate and Authorize Users to Run Privileged Tasks.
[[0;32m  OK  [0m] Started Accounts Service.
[[0;32m  OK  [0m] Started LSB: Set the CPU Frequency Scaling governor to "ondemand".
[[0;32m  OK  [0m] Started Permit User Sessions.
         Starting Hold until boot process finishes up...
         Starting Terminate Plymouth Boot Screen...
[[0;32m  OK  [0m] Started Hold until boot process finishes up.
[[0;32m  OK  [0m] Started Serial Getty on ttyS0.
         Starting Set console scheme...
[[0;32m  OK  [0m] Started Getty on tty1.
[[0;32m  OK  [0m] Reached target Login Prompts.
[[0;32m  OK  [0m] Started Virtualbox guest utils.
[[0;32m  OK  [0m] Started Terminate Plymouth Boot Screen.
[[0;32m  OK  [0m] Started Set console scheme.
[[0;32m  OK  [0m] Started LSB: daemon to balance interrupts for SMP systems.
[[0;32m  OK  [0m] Started LSB: automatic crash report generation.
[[0;32m  OK  [0m] Started LXD - container startup/shutdown.
[[0;32m  OK  [0m] Started Snap Daemon.
         Starting Wait until snapd is fully seeded...
[[0;32m  OK  [0m] Started Pollinate to seed the pseudo random number generator.
         Starting OpenBSD Secure Shell server...
[[0;32m  OK  [0m] Started OpenBSD Secure Shell server.
[[0;32m  OK  [0m] Created slice User Slice of vagrant.
         Starting User Manager for UID 1000...
[[0;32m  OK  [0m] Started Session 1 of user vagrant.
[[0;32m  OK  [0m] Started User Manager for UID 1000.

Ubuntu 16.04.7 LTS ubuntu-xenial ttyS0

ubuntu-xenial login: [   20.408955] cloud-init[1644]: Generating locales (this might take a while)...
[   21.099636] cloud-init[1644]:   en_US.UTF-8... done
[   21.100363] cloud-init[1644]: Generation complete.
[   21.494134] cloud-init[1644]: Cloud-init v. 20.2-45-g5f7825e2-0ubuntu1~16.04.1 running 'modules:config' at Wed, 26 Aug 2020 02:12:51 +0000. Up 20.27 seconds.
ci-info: no authorized SSH keys fingerprints found for user ubuntu.
<14>Aug 26 02:12:53 ec2: 
<14>Aug 26 02:12:53 ec2: #############################################################
<14>Aug 26 02:12:53 ec2: -----BEGIN SSH HOST KEY FINGERPRINTS-----
<14>Aug 26 02:12:53 ec2: 1024 SHA256:OhuTO8hIFEfaKu5XddDR/uz6zfn05kP1ikIDjKfS6UU root@ubuntu-xenial (DSA)
<14>Aug 26 02:12:53 ec2: 256 SHA256:Czo0aC72A6aASaiejrQ1MOh+NrWew8iKaqimi0GjoQk root@ubuntu-xenial (ECDSA)
<14>Aug 26 02:12:53 ec2: 256 SHA256:DCem9KofvJwIQmqbKeKM41baci9tIj9SLEfn5xws7e8 root@ubuntu-xenial (ED25519)
<14>Aug 26 02:12:53 ec2: 2048 SHA256:g6Uzy2JvgqBWhCKWF820zicD1eSZm8pGfmN+6pCaTzI root@ubuntu-xenial (RSA)
<14>Aug 26 02:12:53 ec2: -----END SSH HOST KEY FINGERPRINTS-----
<14>Aug 26 02:12:53 ec2: #############################################################
-----BEGIN SSH HOST KEY KEYS-----
ecdsa-sha2-nistp256 AAAAE2VjZHNhLXNoYTItbmlzdHAyNTYAAAAIbmlzdHAyNTYAAABBBPednVKNmTh7vB/6gbF6FJeTTCIgBttdMrf/nz+VaSKTnBW+FjqOGOq0I3ufJcomwewkyhNEbzFam049wJVGdsY= root@ubuntu-xenial
ssh-ed25519 AAAAC3NzaC1lZDI1NTE5AAAAIDTwenRbTRZ94bKgaMPNrMRI4lwIUS6XnSsRO0XiMikM root@ubuntu-xenial
ssh-rsa AAAAB3NzaC1yc2EAAAADAQABAAABAQDLEAV4PR0mNu4JRmNqNXsceYAcKAHu4OjTBtYpmPWG1oCB2lQI07o2IpywkntdwFkboXxS0G0fWVVLI0YCjAJXIjiq+/4bn8aW7M/hETbw91AnNn++iFQsY9/nSAF1p6nYgRXhLcmMAyLC1L2iRdKdfAf3mj9IxQPWN6r1BLoG6bMqSTB6w8V4Dpo7lYk4SxgkLLJ3BfaCF4Ijf4WGFmtTOAyZdLXRKt4Vy1vMDgn9sQY8Qtr0azYvLdrUDQeNYNiTZbys5CsmI44LYstZ08KgzW5xk+NAKs0/Qi7KFRfcx5BIQMv8MYr/phSNaGH0Ly97jDlrFCnpoYQjo/QZROVz root@ubuntu-xenial
-----END SSH HOST KEY KEYS-----
[   21.869374] cloud-init[1796]: Cloud-init v. 20.2-45-g5f7825e2-0ubuntu1~16.04.1 running 'modules:final' at Wed, 26 Aug 2020 02:12:53 +0000. Up 21.73 seconds.
[   21.870517] cloud-init[1796]: ci-info: no authorized SSH keys fingerprints found for user ubuntu.
[   21.871344] cloud-init[1796]: Cloud-init v. 20.2-45-g5f7825e2-0ubuntu1~16.04.1 finished at Wed, 26 Aug 2020 02:12:53 +0000. Datasource DataSourceNoCloud [seed=/dev/sdb][dsmode=net].  Up 21.86 seconds
